2016-09-02 18:19:44,800 [Worker-23] INFO  org.eclipse.jetty.util.log - Logging initialized @318987ms
2016-09-02 18:19:44,915 [LiveReload Server at localhost] INFO  org.eclipse.jetty.server.Server - jetty-9.3.9.v20160517
2016-09-02 18:19:44,965 [LiveReload Server at localhost] INFO  o.e.j.server.handler.ContextHandler - Started o.e.j.s.ServletContextHandler@4e4a4462{/,null,AVAILABLE}
2016-09-02 18:19:44,970 [LiveReload Server at localhost] INFO  o.e.jetty.server.AbstractConnector - Started ServerConnector@67776c44{HTTP/1.1,[http/1.1]}{localhost:35729}
2016-09-02 18:19:44,970 [LiveReload Server at localhost] INFO  org.eclipse.jetty.server.Server - Started @319215ms
2016-09-02 18:19:51,022 [LiveReload-Proxy-Server-56274:8080] INFO  org.eclipse.jetty.server.Server - jetty-9.3.9.v20160517
2016-09-02 18:19:51,026 [LiveReload-Proxy-Server-56274:8080] INFO  o.e.j.server.handler.ContextHandler - Started o.e.j.s.ServletContextHandler@49337f42{/,null,AVAILABLE}
2016-09-02 18:19:51,027 [LiveReload-Proxy-Server-56274:8080] INFO  o.e.jetty.server.AbstractConnector - Started ServerConnector@4fefd70{HTTP/1.1,[http/1.1]}{localhost:56274}
2016-09-02 18:19:51,027 [LiveReload-Proxy-Server-56274:8080] INFO  org.eclipse.jetty.server.Server - Started @325271ms
2016-09-02 18:22:30,253 [main] INFO  o.e.jetty.server.AbstractConnector - Stopped ServerConnector@67776c44{HTTP/1.1,[http/1.1]}{localhost:35729}
2016-09-02 18:22:30,255 [main] INFO  o.e.j.server.handler.ContextHandler - Stopped o.e.j.s.ServletContextHandler@4e4a4462{/,null,UNAVAILABLE}
2016-09-02 18:22:30,257 [main] INFO  o.e.jetty.server.AbstractConnector - Stopped ServerConnector@4fefd70{HTTP/1.1,[http/1.1]}{localhost:56274}
2016-09-02 18:22:30,257 [main] INFO  o.e.j.server.handler.ContextHandler - Stopped o.e.j.s.ServletContextHandler@49337f42{/,null,UNAVAILABLE}
2016-09-02 18:22:37,164 [LiveReload-Proxy-Server-54712:35729] INFO  org.eclipse.jetty.server.Server - jetty-9.3.9.v20160517
2016-09-02 18:22:37,166 [LiveReload-Proxy-Server-54712:35729] INFO  o.e.j.server.handler.ContextHandler - Started o.e.j.s.ServletContextHandler@4aea5da8{/,null,AVAILABLE}
2016-09-02 18:22:37,167 [LiveReload-Proxy-Server-54712:35729] INFO  o.e.jetty.server.AbstractConnector - Started ServerConnector@3fb5ecf2{HTTP/1.1,[http/1.1]}{localhost:54712}
2016-09-02 18:22:37,167 [LiveReload-Proxy-Server-54712:35729] INFO  org.eclipse.jetty.server.Server - Started @491412ms
2016-09-02 18:22:37,665 [LiveReload-Proxy-Server-55130:35729] INFO  org.eclipse.jetty.server.Server - jetty-9.3.9.v20160517
2016-09-02 18:22:37,670 [LiveReload-Proxy-Server-55130:35729] INFO  o.e.j.server.handler.ContextHandler - Started o.e.j.s.ServletContextHandler@2795e6e2{/,null,AVAILABLE}
2016-09-02 18:22:37,671 [LiveReload-Proxy-Server-55130:35729] INFO  o.e.jetty.server.AbstractConnector - Started ServerConnector@4d66dc02{HTTP/1.1,[http/1.1]}{localhost:55130}
2016-09-02 18:22:37,671 [LiveReload-Proxy-Server-55130:35729] INFO  org.eclipse.jetty.server.Server - Started @491916ms
2016-09-02 18:22:38,174 [main] INFO  o.e.jetty.server.AbstractConnector - Stopped ServerConnector@3fb5ecf2{HTTP/1.1,[http/1.1]}{localhost:54712}
2016-09-02 18:22:38,174 [main] INFO  o.e.j.server.handler.ContextHandler - Stopped o.e.j.s.ServletContextHandler@4aea5da8{/,null,UNAVAILABLE}
2016-09-02 18:22:38,175 [main] INFO  o.e.jetty.server.AbstractConnector - Stopped ServerConnector@4d66dc02{HTTP/1.1,[http/1.1]}{localhost:55130}
2016-09-02 18:22:38,176 [main] INFO  o.e.j.server.handler.ContextHandler - Stopped o.e.j.s.ServletContextHandler@2795e6e2{/,null,UNAVAILABLE}
2016-09-02 18:32:15,989 [Worker-30] WARN  o.e.r.models.ModelRepository - Failed to download org.eclipse.recommenders:index::zip:0.0.0
org.eclipse.aether.resolution.ArtifactResolutionException: Could not transfer artifact org.eclipse.recommenders:index:zip:0.0.0-SNAPSHOT from/to models (http://download.eclipse.org/recommenders/models/neon/): download.eclipse.org
	at org.eclipse.aether.internal.impl.DefaultArtifactResolver.resolve(DefaultArtifactResolver.java:444) ~[na:na]
	at org.eclipse.aether.internal.impl.DefaultArtifactResolver.resolveArtifacts(DefaultArtifactResolver.java:246) ~[na:na]
	at org.eclipse.aether.internal.impl.DefaultArtifactResolver.resolveArtifact(DefaultArtifactResolver.java:223) ~[na:na]
	at org.eclipse.aether.internal.impl.DefaultRepositorySystem.resolveArtifact(DefaultRepositorySystem.java:294) ~[na:na]
	at org.eclipse.recommenders.models.ModelRepository.resolveInternal(ModelRepository.java:220) [org.eclipse.recommenders.models_2.4.0.v20160607-1609.jar:na]
	at org.eclipse.recommenders.models.ModelRepository.resolve(ModelRepository.java:199) [org.eclipse.recommenders.models_2.4.0.v20160607-1609.jar:na]
	at org.eclipse.recommenders.internal.models.rcp.EclipseModelRepository.resolve(EclipseModelRepository.java:165) [org.eclipse.recommenders.models.rcp_2.4.0.v20160607-1609.jar:na]
	at org.eclipse.recommenders.internal.models.rcp.DownloadModelArchiveJob.run(DownloadModelArchiveJob.java:76) [org.eclipse.recommenders.models.rcp_2.4.0.v20160607-1609.jar:na]
	at org.eclipse.core.internal.jobs.Worker.run(Worker.java:55) [org.eclipse.core.jobs_3.8.0.v20160509-0411.jar:na]
Caused by: org.eclipse.aether.transfer.ArtifactTransferException: Could not transfer artifact org.eclipse.recommenders:index:zip:0.0.0-SNAPSHOT from/to models (http://download.eclipse.org/recommenders/models/neon/): download.eclipse.org
	at org.eclipse.aether.connector.basic.ArtifactTransportListener.transferFailed(ArtifactTransportListener.java:43) ~[org.eclipse.aether.connector.basic_1.0.1.v20141111.jar:na]
	at org.eclipse.aether.connector.basic.BasicRepositoryConnector$TaskRunner.run(BasicRepositoryConnector.java:355) ~[org.eclipse.aether.connector.basic_1.0.1.v20141111.jar:na]
	at org.eclipse.aether.util.concurrency.RunnableErrorForwarder$1.run(RunnableErrorForwarder.java:67) ~[na:na]
	at org.eclipse.aether.connector.basic.BasicRepositoryConnector$DirectExecutor.execute(BasicRepositoryConnector.java:581) ~[org.eclipse.aether.connector.basic_1.0.1.v20141111.jar:na]
	at org.eclipse.aether.connector.basic.BasicRepositoryConnector.get(BasicRepositoryConnector.java:249) ~[org.eclipse.aether.connector.basic_1.0.1.v20141111.jar:na]
	at org.eclipse.aether.internal.impl.DefaultArtifactResolver.performDownloads(DefaultArtifactResolver.java:520) ~[na:na]
	at org.eclipse.aether.internal.impl.DefaultArtifactResolver.resolve(DefaultArtifactResolver.java:421) ~[na:na]
	... 8 common frames omitted
Caused by: java.net.UnknownHostException: download.eclipse.org
	at java.net.InetAddress.getAllByName0(InetAddress.java:1280) ~[na:1.8.0_101]
	at java.net.InetAddress.getAllByName(InetAddress.java:1192) ~[na:1.8.0_101]
	at java.net.InetAddress.getAllByName(InetAddress.java:1126) ~[na:1.8.0_101]
	at org.apache.http.impl.conn.SystemDefaultDnsResolver.resolve(SystemDefaultDnsResolver.java:44) ~[na:na]
	at org.apache.http.impl.conn.DefaultClientConnectionOperator.resolveHostname(DefaultClientConnectionOperator.java:259) ~[na:na]
	at org.apache.http.impl.conn.DefaultClientConnectionOperator.openConnection(DefaultClientConnectionOperator.java:159) ~[na:na]
	at org.apache.http.impl.conn.ManagedClientConnectionImpl.open(ManagedClientConnectionImpl.java:304) ~[na:na]
	at org.apache.http.impl.client.DefaultRequestDirector.tryConnect(DefaultRequestDirector.java:611) ~[na:na]
	at org.apache.http.impl.client.DefaultRequestDirector.execute(DefaultRequestDirector.java:446) ~[na:na]
	at org.apache.http.impl.client.AbstractHttpClient.doExecute(AbstractHttpClient.java:863) ~[na:na]
	at org.apache.http.impl.client.CloseableHttpClient.execute(CloseableHttpClient.java:72) ~[na:na]
	at org.apache.http.impl.client.CloseableHttpClient.execute(CloseableHttpClient.java:57) ~[na:na]
	at org.apache.http.impl.client.DecompressingHttpClient.execute(DecompressingHttpClient.java:158) ~[na:na]
	at org.eclipse.aether.transport.http.HttpTransporter.execute(HttpTransporter.java:287) ~[org.eclipse.aether.transport.http_1.0.1.v20141111.jar:na]
	at org.eclipse.aether.transport.http.HttpTransporter.implGet(HttpTransporter.java:243) ~[org.eclipse.aether.transport.http_1.0.1.v20141111.jar:na]
	at org.eclipse.aether.spi.connector.transport.AbstractTransporter.get(AbstractTransporter.java:59) ~[org.eclipse.aether.spi_1.0.1.v20141111.jar:na]
	at org.eclipse.aether.connector.basic.BasicRepositoryConnector$GetTaskRunner.runTask(BasicRepositoryConnector.java:447) ~[org.eclipse.aether.connector.basic_1.0.1.v20141111.jar:na]
	at org.eclipse.aether.connector.basic.BasicRepositoryConnector$TaskRunner.run(BasicRepositoryConnector.java:350) ~[org.eclipse.aether.connector.basic_1.0.1.v20141111.jar:na]
	... 13 common frames omitted
2016-09-02 18:38:18,604 [LiveReload Server at localhost] INFO  org.eclipse.jetty.server.Server - jetty-9.3.9.v20160517
2016-09-02 18:38:18,606 [LiveReload Server at localhost] INFO  o.e.j.server.handler.ContextHandler - Started o.e.j.s.ServletContextHandler@2001d2c3{/,null,AVAILABLE}
2016-09-02 18:38:18,607 [LiveReload Server at localhost] INFO  o.e.jetty.server.AbstractConnector - Started ServerConnector@5938a33e{HTTP/1.1,[http/1.1]}{localhost:35729}
2016-09-02 18:38:18,607 [LiveReload Server at localhost] INFO  org.eclipse.jetty.server.Server - Started @1432852ms
2016-09-02 18:38:19,105 [LiveReload-Proxy-Server-56274:8080] INFO  org.eclipse.jetty.server.Server - jetty-9.3.9.v20160517
2016-09-02 18:38:19,107 [LiveReload-Proxy-Server-56274:8080] INFO  o.e.j.server.handler.ContextHandler - Started o.e.j.s.ServletContextHandler@1bb5bb3c{/,null,AVAILABLE}
2016-09-02 18:38:19,108 [LiveReload-Proxy-Server-56274:8080] INFO  o.e.jetty.server.AbstractConnector - Started ServerConnector@238a4ce8{HTTP/1.1,[http/1.1]}{localhost:56274}
2016-09-02 18:38:19,108 [LiveReload-Proxy-Server-56274:8080] INFO  org.eclipse.jetty.server.Server - Started @1433353ms
2016-09-02 18:38:19,608 [Worker-37] INFO  org.eclipse.jetty.server.Server - jetty-9.3.9.v20160517
2016-09-02 18:38:19,612 [Worker-37] INFO  o.e.j.server.handler.ContextHandler - Started o.e.j.s.ServletContextHandler@49337f42{/,null,AVAILABLE}
2016-09-02 18:38:19,615 [LiveReload-Proxy-Server-59164:8080] INFO  org.eclipse.jetty.server.Server - jetty-9.3.9.v20160517
2016-09-02 18:38:19,617 [LiveReload-Proxy-Server-59164:8080] INFO  o.e.j.server.handler.ContextHandler - Started o.e.j.s.ServletContextHandler@166f02e5{/,null,AVAILABLE}
2016-09-02 18:38:19,618 [LiveReload-Proxy-Server-59164:8080] INFO  o.e.jetty.server.AbstractConnector - Started ServerConnector@52e32d68{HTTP/1.1,[http/1.1]}{localhost:59164}
2016-09-02 18:38:19,618 [LiveReload-Proxy-Server-59164:8080] INFO  org.eclipse.jetty.server.Server - Started @1433863ms
2016-09-02 18:38:20,115 [LiveReload-Proxy-Server-55130:35729] INFO  org.eclipse.jetty.server.Server - jetty-9.3.9.v20160517
2016-09-02 18:38:20,117 [LiveReload-Proxy-Server-55130:35729] INFO  o.e.j.server.handler.ContextHandler - Started o.e.j.s.ServletContextHandler@3d7c3241{/,null,AVAILABLE}
2016-09-02 18:38:20,118 [LiveReload-Proxy-Server-55130:35729] INFO  o.e.jetty.server.AbstractConnector - Started ServerConnector@313ff86d{HTTP/1.1,[http/1.1]}{localhost:55130}
2016-09-02 18:38:20,118 [LiveReload-Proxy-Server-55130:35729] INFO  org.eclipse.jetty.server.Server - Started @1434363ms
2016-09-02 18:38:20,618 [LiveReload-Proxy-Server-56051:35729] INFO  org.eclipse.jetty.server.Server - jetty-9.3.9.v20160517
2016-09-02 18:38:20,620 [LiveReload-Proxy-Server-56051:35729] INFO  o.e.j.server.handler.ContextHandler - Started o.e.j.s.ServletContextHandler@239dd1aa{/,null,AVAILABLE}
2016-09-02 18:38:20,620 [LiveReload-Proxy-Server-56051:35729] INFO  o.e.jetty.server.AbstractConnector - Started ServerConnector@1d89f7d3{HTTP/1.1,[http/1.1]}{localhost:56051}
2016-09-02 18:38:20,620 [LiveReload-Proxy-Server-56051:35729] INFO  org.eclipse.jetty.server.Server - Started @1434865ms
2016-09-02 18:38:21,120 [LiveReload-Proxy-Server-57502:35729] INFO  org.eclipse.jetty.server.Server - jetty-9.3.9.v20160517
2016-09-02 18:38:21,122 [LiveReload-Proxy-Server-57502:35729] INFO  o.e.j.server.handler.ContextHandler - Started o.e.j.s.ServletContextHandler@2c8536fd{/,null,AVAILABLE}
2016-09-02 18:38:21,123 [LiveReload-Proxy-Server-57502:35729] INFO  o.e.jetty.server.AbstractConnector - Started ServerConnector@35a5c5d5{HTTP/1.1,[http/1.1]}{localhost:57502}
2016-09-02 18:38:21,123 [LiveReload-Proxy-Server-57502:35729] INFO  org.eclipse.jetty.server.Server - Started @1435368ms
2016-09-02 18:52:47,696 [Worker-44] INFO  o.e.jetty.server.AbstractConnector - Stopped ServerConnector@5938a33e{HTTP/1.1,[http/1.1]}{localhost:35729}
2016-09-02 18:52:47,697 [Worker-44] INFO  o.e.j.server.handler.ContextHandler - Stopped o.e.j.s.ServletContextHandler@2001d2c3{/,null,UNAVAILABLE}
2016-09-02 18:52:47,699 [Worker-44] INFO  o.e.jetty.server.AbstractConnector - Stopped ServerConnector@238a4ce8{HTTP/1.1,[http/1.1]}{localhost:56274}
2016-09-02 18:52:47,701 [Worker-44] INFO  o.e.j.server.handler.ContextHandler - Stopped o.e.j.s.ServletContextHandler@1bb5bb3c{/,null,UNAVAILABLE}
2016-09-02 18:52:47,702 [Worker-44] INFO  o.e.jetty.server.AbstractConnector - Stopped ServerConnector@52e32d68{HTTP/1.1,[http/1.1]}{localhost:59164}
2016-09-02 18:52:47,704 [Worker-44] INFO  o.e.j.server.handler.ContextHandler - Stopped o.e.j.s.ServletContextHandler@166f02e5{/,null,UNAVAILABLE}
2016-09-02 18:52:47,705 [Worker-44] INFO  o.e.jetty.server.AbstractConnector - Stopped ServerConnector@313ff86d{HTTP/1.1,[http/1.1]}{localhost:55130}
2016-09-02 18:52:47,706 [Worker-44] INFO  o.e.j.server.handler.ContextHandler - Stopped o.e.j.s.ServletContextHandler@3d7c3241{/,null,UNAVAILABLE}
2016-09-02 18:52:47,707 [Worker-44] INFO  o.e.jetty.server.AbstractConnector - Stopped ServerConnector@1d89f7d3{HTTP/1.1,[http/1.1]}{localhost:56051}
2016-09-02 18:52:47,708 [Worker-44] INFO  o.e.j.server.handler.ContextHandler - Stopped o.e.j.s.ServletContextHandler@239dd1aa{/,null,UNAVAILABLE}
2016-09-02 18:52:47,708 [Worker-44] INFO  o.e.jetty.server.AbstractConnector - Stopped ServerConnector@35a5c5d5{HTTP/1.1,[http/1.1]}{localhost:57502}
2016-09-02 18:52:47,710 [Worker-44] INFO  o.e.j.server.handler.ContextHandler - Stopped o.e.j.s.ServletContextHandler@2c8536fd{/,null,UNAVAILABLE}
2016-09-02 18:52:51,304 [LiveReload Server at localhost] INFO  org.eclipse.jetty.server.Server - jetty-9.3.9.v20160517
2016-09-02 18:52:51,305 [LiveReload Server at localhost] INFO  o.e.j.server.handler.ContextHandler - Started o.e.j.s.ServletContextHandler@f3de41e{/,null,AVAILABLE}
2016-09-02 18:52:51,306 [LiveReload Server at localhost] INFO  o.e.jetty.server.AbstractConnector - Started ServerConnector@37898a5f{HTTP/1.1,[http/1.1]}{localhost:35729}
2016-09-02 18:52:51,306 [LiveReload Server at localhost] INFO  org.eclipse.jetty.server.Server - Started @2305551ms
2016-09-02 18:52:51,805 [LiveReload-Proxy-Server-52678:8080] INFO  org.eclipse.jetty.server.Server - jetty-9.3.9.v20160517
2016-09-02 18:52:51,806 [LiveReload-Proxy-Server-52678:8080] INFO  o.e.j.server.handler.ContextHandler - Started o.e.j.s.ServletContextHandler@1f0ddf33{/,null,AVAILABLE}
2016-09-02 18:52:51,807 [LiveReload-Proxy-Server-52678:8080] INFO  o.e.jetty.server.AbstractConnector - Started ServerConnector@721202ea{HTTP/1.1,[http/1.1]}{localhost:52678}
2016-09-02 18:52:51,807 [LiveReload-Proxy-Server-52678:8080] INFO  org.eclipse.jetty.server.Server - Started @2306051ms
2016-09-02 18:52:52,308 [LiveReload-Proxy-Server-54168:8080] INFO  org.eclipse.jetty.server.Server - jetty-9.3.9.v20160517
2016-09-02 18:52:52,309 [LiveReload-Proxy-Server-54168:8080] INFO  o.e.j.server.handler.ContextHandler - Started o.e.j.s.ServletContextHandler@69f2ef8{/,null,AVAILABLE}
2016-09-02 18:52:52,310 [LiveReload-Proxy-Server-54168:8080] INFO  o.e.jetty.server.AbstractConnector - Started ServerConnector@2bab37ec{HTTP/1.1,[http/1.1]}{localhost:54168}
2016-09-02 18:52:52,310 [LiveReload-Proxy-Server-54168:8080] INFO  org.eclipse.jetty.server.Server - Started @2306555ms
2016-09-02 18:52:52,809 [LiveReload-Proxy-Server-59164:8080] INFO  org.eclipse.jetty.server.Server - jetty-9.3.9.v20160517
2016-09-02 18:52:52,811 [LiveReload-Proxy-Server-59164:8080] INFO  o.e.j.server.handler.ContextHandler - Started o.e.j.s.ServletContextHandler@efebb60{/,null,AVAILABLE}
2016-09-02 18:52:52,811 [LiveReload-Proxy-Server-59164:8080] INFO  o.e.jetty.server.AbstractConnector - Started ServerConnector@1944451f{HTTP/1.1,[http/1.1]}{localhost:59164}
2016-09-02 18:52:52,811 [LiveReload-Proxy-Server-59164:8080] INFO  org.eclipse.jetty.server.Server - Started @2307056ms
2016-09-02 18:52:53,310 [LiveReload-Proxy-Server-56051:35729] INFO  org.eclipse.jetty.server.Server - jetty-9.3.9.v20160517
2016-09-02 18:52:53,312 [LiveReload-Proxy-Server-56051:35729] INFO  o.e.j.server.handler.ContextHandler - Started o.e.j.s.ServletContextHandler@e44d13{/,null,AVAILABLE}
2016-09-02 18:52:53,313 [LiveReload-Proxy-Server-56051:35729] INFO  o.e.jetty.server.AbstractConnector - Started ServerConnector@f707e55{HTTP/1.1,[http/1.1]}{localhost:56051}
2016-09-02 18:52:53,313 [LiveReload-Proxy-Server-56051:35729] INFO  org.eclipse.jetty.server.Server - Started @2307558ms
2016-09-02 18:52:53,812 [LiveReload-Proxy-Server-58620:35729] INFO  org.eclipse.jetty.server.Server - jetty-9.3.9.v20160517
2016-09-02 18:52:53,814 [LiveReload-Proxy-Server-58620:35729] INFO  o.e.j.server.handler.ContextHandler - Started o.e.j.s.ServletContextHandler@18a21169{/,null,AVAILABLE}
2016-09-02 18:52:53,814 [LiveReload-Proxy-Server-58620:35729] INFO  o.e.jetty.server.AbstractConnector - Started ServerConnector@10d1143d{HTTP/1.1,[http/1.1]}{localhost:58620}
2016-09-02 18:52:53,814 [LiveReload-Proxy-Server-58620:35729] INFO  org.eclipse.jetty.server.Server - Started @2308059ms
2016-09-02 18:52:54,313 [LiveReload-Proxy-Server-57502:35729] INFO  org.eclipse.jetty.server.Server - jetty-9.3.9.v20160517
2016-09-02 18:52:54,315 [LiveReload-Proxy-Server-57502:35729] INFO  o.e.j.server.handler.ContextHandler - Started o.e.j.s.ServletContextHandler@3325fda2{/,null,AVAILABLE}
2016-09-02 18:52:54,315 [LiveReload-Proxy-Server-57502:35729] INFO  o.e.jetty.server.AbstractConnector - Started ServerConnector@2f0898c0{HTTP/1.1,[http/1.1]}{localhost:57502}
2016-09-02 18:52:54,315 [LiveReload-Proxy-Server-57502:35729] INFO  org.eclipse.jetty.server.Server - Started @2308560ms
2016-09-02 18:56:54,769 [Worker-4] INFO  org.eclipse.jetty.util.log - Logging initialized @41612ms
2016-09-02 18:56:54,838 [LiveReload Server at localhost] INFO  org.eclipse.jetty.server.Server - jetty-9.3.9.v20160517
2016-09-02 18:56:54,890 [LiveReload Server at localhost] INFO  o.e.j.server.handler.ContextHandler - Started o.e.j.s.ServletContextHandler@5dcb0de4{/,null,AVAILABLE}
2016-09-02 18:56:54,895 [LiveReload Server at localhost] INFO  o.e.jetty.server.AbstractConnector - Started ServerConnector@21307897{HTTP/1.1,[http/1.1]}{localhost:35729}
2016-09-02 18:56:54,895 [LiveReload Server at localhost] INFO  org.eclipse.jetty.server.Server - Started @41741ms
2016-09-02 18:57:00,883 [Worker-10] INFO  o.e.jetty.server.AbstractConnector - Stopped ServerConnector@21307897{HTTP/1.1,[http/1.1]}{localhost:35729}
2016-09-02 18:57:00,886 [Worker-10] INFO  o.e.j.server.handler.ContextHandler - Stopped o.e.j.s.ServletContextHandler@5dcb0de4{/,null,UNAVAILABLE}
